#
# There is insufficient memory for the Java Runtime Environment to continue.
# Native memory allocation (mmap) failed to map 268435456 bytes for G1 virtual space
# Possible reasons:
#   The system is out of physical RAM or swap space
#   The process is running with CompressedOops enabled, and the Java Heap may be blocking the growth of the native heap
# Possible solutions:
#   Reduce memory load on the system
#   Increase physical memory or swap space
#   Check if swap backing store is full
#   Decrease Java heap size (-Xmx/-Xms)
#   Decrease number of Java threads
#   Decrease Java thread stack sizes (-Xss)
#   Set larger code cache with -XX:ReservedCodeCacheSize=
#   JVM is running with Zero Based Compressed Oops mode in which the Java heap is
#     placed in the first 32GB address space. The Java Heap base address is the
#     maximum limit for the native heap growth. Please use -XX:HeapBaseMinAddress
#     to set the Java Heap base and to place the Java Heap above 32GB virtual address.
# This output file may be truncated or incomplete.
#
#  Out of Memory Error (os_windows.cpp:3769), pid=11588, tid=6840
#
# JRE version:  (17.0.6) (build )
# Java VM: OpenJDK 64-Bit Server VM (17.0.6+0-b2043.56-10027231, mixed mode, sharing, tiered, compressed oops, compressed class ptrs, g1 gc, windows-amd64)
# No core dump will be written. Minidumps are not enabled by default on client versions of Windows
#

---------------  S U M M A R Y ------------

Command Line: git4idea.http.GitAskPassApp Username for 'https://github.com': 

Host: Intel(R) Core(TM) i5-6500 CPU @ 3.20GHz, 4 cores, 15G,  Windows 11 , 64 bit Build 22000 (10.0.22000.2538)
Time: Wed Sep  4 16:31:48 2024 Egypt Daylight Time elapsed time: 0.016428 seconds (0d 0h 0m 0s)

---------------  T H R E A D  ---------------

Current thread (0x0000019d935f0050):  JavaThread "Unknown thread" [_thread_in_vm, id=6840, stack(0x0000001bd6c00000,0x0000001bd6d00000)]

Stack: [0x0000001bd6c00000,0x0000001bd6d00000]
Native frames: (J=compiled Java code, j=interpreted, Vv=VM code, C=native code)
V  [jvm.dll+0x683c9a]
V  [jvm.dll+0x8427a4]
V  [jvm.dll+0x843f9e]
V  [jvm.dll+0x844603]
V  [jvm.dll+0x249b75]
V  [jvm.dll+0x680b69]
V  [jvm.dll+0x67505a]
V  [jvm.dll+0x309acb]
V  [jvm.dll+0x310f86]
V  [jvm.dll+0x3608ee]
V  [jvm.dll+0x360b1f]
V  [jvm.dll+0x2dfbf8]
V  [jvm.dll+0x2e0b64]
V  [jvm.dll+0x814091]
V  [jvm.dll+0x36e6a1]
V  [jvm.dll+0x7f35cc]
V  [jvm.dll+0x3f0e8f]
V  [jvm.dll+0x3f29d1]
C  [jli.dll+0x526b]
C  [ucrtbase.dll+0x26c0c]
C  [KERNEL32.DLL+0x153e0]
C  [ntdll.dll+0x485b]


---------------  P R O C E S S  ---------------

Threads class SMR info:
_java_thread_list=0x00007ffe94efc058, length=0, elements={
}

Java Threads: ( => current thread )

Other Threads:
  0x0000019d9365a3c0 GCTaskThread "GC Thread#0" [stack: 0x0000001bd6d00000,0x0000001bd6e00000] [id=21860]
  0x0000019d9366b8b0 ConcurrentGCThread "G1 Main Marker" [stack: 0x0000001bd6e00000,0x0000001bd6f00000] [id=18372]
  0x0000019d9366c2c0 ConcurrentGCThread "G1 Conc#0" [stack: 0x0000001bd6f00000,0x0000001bd7000000] [id=9944]

[error occurred during error reporting (printing all threads), id 0xc0000005, EXCEPTION_ACCESS_VIOLATION (0xc0000005) at pc=0x00007ffe946b0797]

VM state: not at safepoint (not fully initialized)

VM Mutex/Monitor currently owned by a thread:  ([mutex/lock_event])
[0x0000019d935ee210] Heap_lock - owner thread: 0x0000019d935f0050

Heap address: 0x0000000701e00000, size: 4066 MB, Compressed Oops mode: Zero based, Oop shift amount: 3

CDS archive(s) mapped at: [0x0000000000000000-0x0000000000000000-0x0000000000000000), size 0, SharedBaseAddress: 0x0000000800000000, ArchiveRelocationMode: 0.
Narrow klass base: 0x0000000000000000, Narrow klass shift: 0, Narrow klass range: 0x0

GC Precious Log:
<Empty>

Heap:
 garbage-first heap   total 0K, used 0K [0x0000000701e00000, 0x0000000800000000)
  region size 2048K, 0 young (0K), 0 survivors (0K)

[error occurred during error reporting (printing heap information), id 0xc0000005, EXCEPTION_ACCESS_VIOLATION (0xc0000005) at pc=0x00007ffe94a9da89]

GC Heap History (0 events):
No events

Dll operation events (1 events):
Event: 0.011 Loaded shared library C:\Program Files\Android\Android Studio1\jbr\bin\java.dll

Deoptimization events (0 events):
No events

Classes unloaded (0 events):
No events

Classes redefined (0 events):
No events

Internal exceptions (0 events):
No events

VM Operations (0 events):
No events

Events (0 events):
No events


Dynamic libraries:
0x00007ff69d570000 - 0x00007ff69d57a000 	C:\Program Files\Android\Android Studio1\jbr\bin\java.exe
0x00007fff42dc0000 - 0x00007fff42fc9000 	C:\Windows\SYSTEM32\ntdll.dll
0x00007fff41890000 - 0x00007fff4194d000 	C:\Windows\System32\KERNEL32.DLL
0x00007fff40620000 - 0x00007fff409a4000 	C:\Windows\System32\KERNELBASE.dll
0x00007fff402d0000 - 0x00007fff403e1000 	C:\Windows\System32\ucrtbase.dll
0x00007ffe94130000 - 0x00007ffe94147000 	C:\Program Files\Android\Android Studio1\jbr\bin\jli.dll
0x00007fff42b20000 - 0x00007fff42ccd000 	C:\Windows\System32\USER32.dll
0x00007fff3a130000 - 0x00007fff3a14b000 	C:\Program Files\Android\Android Studio1\jbr\bin\VCRUNTIME140.dll
0x00007fff40be0000 - 0x00007fff40c06000 	C:\Windows\System32\win32u.dll
0x00007fff40f10000 - 0x00007fff40f3a000 	C:\Windows\System32\GDI32.dll
0x00007fff40490000 - 0x00007fff405ae000 	C:\Windows\System32\gdi32full.dll
0x00007fff403f0000 - 0x00007fff4048d000 	C:\Windows\System32\msvcp_win.dll
0x00007fff23fb0000 - 0x00007fff24255000 	C:\Windows\WinSxS\amd64_microsoft.windows.common-controls_6595b64144ccf1df_6.0.22000.120_none_9d947278b86cc467\COMCTL32.dll
0x00007fff42cd0000 - 0x00007fff42d73000 	C:\Windows\System32\msvcrt.dll
0x00007fff40c10000 - 0x00007fff40c41000 	C:\Windows\System32\IMM32.DLL
0x00007fff3d3f0000 - 0x00007fff3d3fc000 	C:\Program Files\Android\Android Studio1\jbr\bin\vcruntime140_1.dll
0x00007fff2d070000 - 0x00007fff2d0fd000 	C:\Program Files\Android\Android Studio1\jbr\bin\msvcp140.dll
0x00007ffe943c0000 - 0x00007ffe9502e000 	C:\Program Files\Android\Android Studio1\jbr\bin\server\jvm.dll
0x00007fff419f0000 - 0x00007fff41a9e000 	C:\Windows\System32\ADVAPI32.dll
0x00007fff41950000 - 0x00007fff419ee000 	C:\Windows\System32\sechost.dll
0x00007fff427c0000 - 0x00007fff428e1000 	C:\Windows\System32\RPCRT4.dll
0x00007fff2a810000 - 0x00007fff2a843000 	C:\Windows\SYSTEM32\WINMM.dll
0x00007fff38750000 - 0x00007fff3875a000 	C:\Windows\SYSTEM32\VERSION.dll
0x00007fff2b6e0000 - 0x00007fff2b6e9000 	C:\Windows\SYSTEM32\WSOCK32.dll
0x00007fff41590000 - 0x00007fff415ff000 	C:\Windows\System32\WS2_32.dll
0x00007fff3f2c0000 - 0x00007fff3f2d8000 	C:\Windows\SYSTEM32\kernel.appcore.dll
0x00007fff23d50000 - 0x00007fff23d5a000 	C:\Program Files\Android\Android Studio1\jbr\bin\jimage.dll
0x00007fff25c40000 - 0x00007fff25e61000 	C:\Windows\SYSTEM32\DBGHELP.DLL
0x00007fff25b20000 - 0x00007fff25b51000 	C:\Windows\SYSTEM32\dbgcore.DLL
0x00007fff40250000 - 0x00007fff402cf000 	C:\Windows\System32\bcryptPrimitives.dll
0x00007ffe952c0000 - 0x00007ffe952e5000 	C:\Program Files\Android\Android Studio1\jbr\bin\java.dll

dbghelp: loaded successfully - version: 4.0.5 - missing functions: none
symbol engine: initialized successfully - sym options: 0x614 - pdb path: .;C:\Program Files\Android\Android Studio1\jbr\bin;C:\Windows\SYSTEM32;C:\Windows\WinSxS\amd64_microsoft.windows.common-controls_6595b64144ccf1df_6.0.22000.120_none_9d947278b86cc467;C:\Program Files\Android\Android Studio1\jbr\bin\server

VM Arguments:
java_command: git4idea.http.GitAskPassApp Username for 'https://github.com': 
java_class_path (initial): C:/Program Files/Android/Android Studio1/plugins/vcs-git/lib/git4idea-rt.jar;C:/Program Files/Android/Android Studio1/lib/externalProcess-rt.jar;C:/Program Files/Android/Android Studio1/lib/app.jar;C:/Program Files/Android/Android Studio1/lib/3rd-party-rt.jar
Launcher Type: SUN_STANDARD

[Global flags]
     intx CICompilerCount                          = 3                                         {product} {ergonomic}
     uint ConcGCThreads                            = 1                                         {product} {ergonomic}
     uint G1ConcRefinementThreads                  = 4                                         {product} {ergonomic}
   size_t G1HeapRegionSize                         = 2097152                                   {product} {ergonomic}
    uintx GCDrainStackTargetSize                   = 64                                        {product} {ergonomic}
   size_t InitialHeapSize                          = 268435456                                 {product} {ergonomic}
   size_t MarkStackSize                            = 4194304                                   {product} {ergonomic}
   size_t MaxHeapSize                              = 4263510016                                {product} {ergonomic}
   size_t MinHeapDeltaBytes                        = 2097152                                   {product} {ergonomic}
   size_t MinHeapSize                              = 8388608                                   {product} {ergonomic}
    uintx NonNMethodCodeHeapSize                   = 5832780                                {pd product} {ergonomic}
    uintx NonProfiledCodeHeapSize                  = 122912730                              {pd product} {ergonomic}
    uintx ProfiledCodeHeapSize                     = 122912730                              {pd product} {ergonomic}
    uintx ReservedCodeCacheSize                    = 251658240                              {pd product} {ergonomic}
     bool SegmentedCodeCache                       = true                                      {product} {ergonomic}
   size_t SoftMaxHeapSize                          = 4263510016                             {manageable} {ergonomic}
     bool UseCompressedClassPointers               = true                           {product lp64_product} {ergonomic}
     bool UseCompressedOops                        = true                           {product lp64_product} {ergonomic}
     bool UseG1GC                                  = true                                      {product} {ergonomic}
     bool UseLargePagesIndividualAllocation        = false                                  {pd product} {ergonomic}

Logging:
Log output configuration:
 #0: stdout all=warning uptime,level,tags
 #1: stderr all=off uptime,level,tags

Environment Variables:
PATH=C:/Program Files/Git/mingw64/libexec/git-core;C:/Program Files/Git/mingw64/libexec/git-core;C:\Program Files\Git\mingw64\bin;C:\Program Files\Git\usr\bin;C:\Users\TAMAYOUZ\bin;C:\Windows\system32;C:\Windows;C:\Windows\System32\Wbem;C:\Windows\System32\WindowsPowerShell\v1.0\;C:\Windows\System32\OpenSSH\;C:\Program Files\Git\cmd;C:\Windows\system32\config\systemprofile\.dnx\bin;C:\Program Files\Microsoft DNX\Dnvm\;C:\Program Files\dotnet\;C:\Program Files\Microsoft SQL Server\Client SDK\ODBC\170\Tools\Binn\;C:\Program Files\Microsoft SQL Server\Client SDK\ODBC\110\Tools\Binn\;C:\Program Files (x86)\Microsoft SQL Server\120\Tools\Binn\ManagementStudio\;C:\Program Files (x86)\Microsoft SQL Server\120\Tools\Binn\;C:\Program Files\Microsoft SQL Server\120\Tools\Binn\;C:\Program Files (x86)\Microsoft SQL Server\120\DTS\Binn\;C:\Program Files\Microsoft SQL Server\120\DTS\Binn\;C:\Program Files\Microsoft SQL Server\150\Tools\Binn\;C:\Program Files\Certbot\bin;C:\Users\TAMAYOUZ\AppData\Local\Microsoft\WindowsApps;C:\Users\TAMAYOUZ\.dotnet\tools;C:\Users\TAMAYOUZ\AppData\Local\Programs\Microsoft VS Code\bin;C:\Program Files\Azure Data Studio\bin;C:\Windows\System32;C:\flutter\bin;C:\Users\TAMAYOUZ\AppData\Local\GitHubDesktop\bin
USERNAME=TAMAYOUZ
DISPLAY=:0.0
LC_ALL=en_US.UTF-8
TERM=xterm-256color
TMPDIR=C:\Users\TAMAYOUZ\AppData\Local\Temp
OS=Windows_NT
PROCESSOR_IDENTIFIER=Intel64 Family 6 Model 94 Stepping 3, GenuineIntel
TMP=C:\Users\TAMAYOUZ\AppData\Local\Temp
TEMP=C:\Users\TAMAYOUZ\AppData\Local\Temp


JNI global refs:

[error occurred during error reporting (JNI global references), id 0xc0000005, EXCEPTION_ACCESS_VIOLATION (0xc0000005) at pc=0x00007ffe94477a10]


---------------  S Y S T E M  ---------------

OS:
 Windows 11 , 64 bit Build 22000 (10.0.22000.2538)
OS uptime: 4 days 3:29 hours

CPU: total 4 (initial active 4) (4 cores per cpu, 1 threads per core) family 6 model 94 stepping 3 microcode 0xe2, cx8, cmov, fxsr, mmx, 3dnowpref, sse, sse2, sse3, ssse3, sse4.1, sse4.2, popcnt, lzcnt, tsc, tscinvbit, avx, avx2, aes, erms, clmul, bmi1, bmi2, rtm, adx, fma, vzeroupper, clflush, clflushopt

Memory: 4k page, system-wide physical 16259M (1497M free)
TotalPageFile size 18307M (AvailPageFile size 232M)
current process WorkingSet (physical memory assigned to process): 10M, peak: 10M
current process commit charge ("private bytes"): 51M, peak: 307M

vm_info: OpenJDK 64-Bit Server VM (17.0.6+0-b2043.56-10027231) for windows-amd64 JRE (17.0.6+0-b2043.56-10027231), built on Apr 28 2023 00:43:19 by "androidbuild" with MS VC++ 16.10 / 16.11 (VS2019)

END.
